build/app/intermediates/manifest_merge_blame_file/debug/manifest-merger-blame-debug-report.txt
1<?xml version="1.0" encoding="utf-8"?>
2<manifest xmlns:android="http://schemas.android.com/apk/res/android"
3    package="com.mycompany.ingobrillateinstapp"
4    android:versionCode="1"
5    android:versionName="1.0.0" >
6
7    <uses-sdk
8        android:minSdkVersion="23"
9        android:targetSdkVersion="34" />
10    <!--
11         Flutter needs it to communicate with the running application
12         to allow setting breakpoints, to provide hot reload, etc.
13    -->
14    <uses-permission android:name="android.permission.INTERNET" />
14-->src\main\AndroidManifest.xml:4:5-66
14-->src\main\AndroidManifest.xml:4:22-64
15    <uses-permission android:name="android.permission.CAMERA" />
15-->src\main\AndroidManifest.xml:5:5-64
15-->src\main\AndroidManifest.xml:5:22-62
16    <uses-permission
16-->src\main\AndroidManifest.xml:6:5-106
17        android:name="android.permission.READ_EXTERNAL_STORAGE"
17-->src\main\AndroidManifest.xml:6:22-77
18        android:maxSdkVersion="32" />
18-->src\main\AndroidManifest.xml:6:78-104
19    <uses-permission
19-->src\main\AndroidManifest.xml:7:5-107
20        android:name="android.permission.WRITE_EXTERNAL_STORAGE"
20-->src\main\AndroidManifest.xml:7:22-78
21        android:maxSdkVersion="32" />
21-->src\main\AndroidManifest.xml:7:79-105
22
23    <queries>
23-->[:file_picker] AndroidManifest.xml:11:5-17:15
24        <intent>
24-->[:file_picker] AndroidManifest.xml:12:9-16:18
25            <action android:name="android.intent.action.GET_CONTENT" />
25-->[:file_picker] AndroidManifest.xml:13:13-72
25-->[:file_picker] AndroidManifest.xml:13:21-69
26
27            <data android:mimeType="*/*" />
27-->src\main\AndroidManifest.xml:50:17-101
28        </intent>
29        <!-- Needs to be explicitly declared on Android R+ -->
30        <package android:name="com.google.android.apps.maps" /> <!-- For browser content -->
30-->[com.google.android.gms:play-services-maps:18.2.0] AndroidManifest.xml:33:9-64
30-->[com.google.android.gms:play-services-maps:18.2.0] AndroidManifest.xml:33:18-61
31        <intent>
31-->[com.google.android.gms:play-services-ads-lite:23.0.0] AndroidManifest.xml:38:9-44:18
32            <action android:name="android.intent.action.VIEW" />
32-->src\main\AndroidManifest.xml:47:17-69
32-->src\main\AndroidManifest.xml:47:25-66
33
34            <category android:name="android.intent.category.BROWSABLE" />
34-->src\main\AndroidManifest.xml:49:17-78
34-->src\main\AndroidManifest.xml:49:27-75
35
36            <data android:scheme="https" />
36-->src\main\AndroidManifest.xml:50:17-101
36-->src\main\AndroidManifest.xml:50:23-59
37        </intent> <!-- End of browser content -->
38        <!-- For CustomTabsService -->
39        <intent>
39-->[com.google.android.gms:play-services-ads-lite:23.0.0] AndroidManifest.xml:47:9-49:18
40            <action android:name="android.support.customtabs.action.CustomTabsService" />
40-->[com.google.android.gms:play-services-ads-lite:23.0.0] AndroidManifest.xml:48:13-90
40-->[com.google.android.gms:play-services-ads-lite:23.0.0] AndroidManifest.xml:48:21-87
41        </intent>
42    </queries>
43
44    <uses-permission android:name="android.permission.ACCESS_NETWORK_STATE" />
44-->[com.google.firebase:firebase-auth:23.1.0] AndroidManifest.xml:26:5-79
44-->[com.google.firebase:firebase-auth:23.1.0] AndroidManifest.xml:26:22-76
45
46    <uses-feature
46-->[com.google.android.gms:play-services-maps:18.2.0] AndroidManifest.xml:26:5-28:35
47        android:glEsVersion="0x00020000"
47-->[com.google.android.gms:play-services-maps:18.2.0] AndroidManifest.xml:27:9-41
48        android:required="true" />
48-->[com.google.android.gms:play-services-maps:18.2.0] AndroidManifest.xml:28:9-32
49
50    <uses-permission android:name="com.google.android.gms.permission.AD_ID" />
50-->[com.google.android.gms:play-services-ads-lite:23.0.0] AndroidManifest.xml:26:5-79
50-->[com.google.android.gms:play-services-ads-lite:23.0.0] AndroidManifest.xml:26:22-76
51    <uses-permission android:name="android.permission.ACCESS_ADSERVICES_AD_ID" />
51-->[com.google.android.gms:play-services-ads-lite:23.0.0] AndroidManifest.xml:27:5-82
51-->[com.google.android.gms:play-services-ads-lite:23.0.0] AndroidManifest.xml:27:22-79
52    <uses-permission android:name="android.permission.ACCESS_ADSERVICES_ATTRIBUTION" />
52-->[com.google.android.gms:play-services-ads-lite:23.0.0] AndroidManifest.xml:28:5-88
52-->[com.google.android.gms:play-services-ads-lite:23.0.0] AndroidManifest.xml:28:22-85
53    <uses-permission android:name="android.permission.ACCESS_ADSERVICES_TOPICS" />
53-->[com.google.android.gms:play-services-ads-lite:23.0.0] AndroidManifest.xml:29:5-83
53-->[com.google.android.gms:play-services-ads-lite:23.0.0] AndroidManifest.xml:29:22-80
54    <uses-permission android:name="com.google.android.providers.gsf.permission.READ_GSERVICES" />
54-->[com.google.android.recaptcha:recaptcha:18.5.1] AndroidManifest.xml:9:5-98
54-->[com.google.android.recaptcha:recaptcha:18.5.1] AndroidManifest.xml:9:22-95
55    <uses-permission android:name="android.permission.WAKE_LOCK" />
55-->[androidx.work:work-runtime:2.7.0] AndroidManifest.xml:25:5-68
55-->[androidx.work:work-runtime:2.7.0] AndroidManifest.xml:25:22-65
56    <uses-permission android:name="android.permission.FOREGROUND_SERVICE" />
56-->[androidx.work:work-runtime:2.7.0] AndroidManifest.xml:28:5-77
56-->[androidx.work:work-runtime:2.7.0] AndroidManifest.xml:28:22-74
57
58    <permission
58-->[androidx.core:core:1.13.1] AndroidManifest.xml:22:5-24:47
59        android:name="com.mycompany.ingobrillateinstapp.DYNAMIC_RECEIVER_NOT_EXPORTED_PERMISSION"
59-->[androidx.core:core:1.13.1] AndroidManifest.xml:23:9-81
60        android:protectionLevel="signature" />
60-->[androidx.core:core:1.13.1] AndroidManifest.xml:24:9-44
61
62    <uses-permission android:name="com.mycompany.ingobrillateinstapp.DYNAMIC_RECEIVER_NOT_EXPORTED_PERMISSION" />
62-->[androidx.core:core:1.13.1] AndroidManifest.xml:26:5-97
62-->[androidx.core:core:1.13.1] AndroidManifest.xml:26:22-94
63
64    <application
64-->src\main\AndroidManifest.xml:9:5-65:19
65        android:appComponentFactory="androidx.core.app.CoreComponentFactory"
65-->[androidx.core:core:1.13.1] AndroidManifest.xml:28:18-86
66        android:debuggable="true"
67        android:extractNativeLibs="false"
68        android:icon="@mipmap/ic_launcher"
68-->src\main\AndroidManifest.xml:12:9-43
69        android:label="Ingo-Brillate-Inst-App"
69-->src\main\AndroidManifest.xml:10:9-47
70        android:requestLegacyExternalStorage="true" >
70-->src\main\AndroidManifest.xml:13:9-52
71        <activity
71-->src\main\AndroidManifest.xml:15:9-53:20
72            android:name="com.mycompany.ingobrillateinstapp.MainActivity"
72-->src\main\AndroidManifest.xml:16:13-41
73            android:configChanges="orientation|keyboardHidden|keyboard|screenSize|smallestScreenSize|locale|layoutDirection|fontScale|screenLayout|density|uiMode"
73-->src\main\AndroidManifest.xml:20:13-163
74            android:exported="true"
74-->src\main\AndroidManifest.xml:17:13-36
75            android:hardwareAccelerated="true"
75-->src\main\AndroidManifest.xml:21:13-47
76            android:launchMode="singleTop"
76-->src\main\AndroidManifest.xml:18:13-43
77            android:theme="@style/LaunchTheme"
77-->src\main\AndroidManifest.xml:19:13-47
78            android:windowSoftInputMode="adjustResize" >
78-->src\main\AndroidManifest.xml:22:13-55
79
80            <!--
81                 Specifies an Android theme to apply to this Activity as soon as
82                 the Android process has started. This theme is visible to the user
83                 while the Flutter UI initializes. After that, this theme continues
84                 to determine the Window background behind the Flutter UI.
85            -->
86            <meta-data
86-->src\main\AndroidManifest.xml:27:13-30:17
87                android:name="io.flutter.embedding.android.NormalTheme"
87-->src\main\AndroidManifest.xml:28:15-70
88                android:resource="@style/NormalTheme" />
88-->src\main\AndroidManifest.xml:29:15-52
89            <!--
90                 Displays an Android View that continues showing the launch screen
91                 Drawable until Flutter paints its first frame, then this splash
92                 screen fades out. A splash screen is useful to avoid any visual
93                 gap between the end of Android's launch screen and the painting of
94                 Flutter's first frame.
95            -->
96            <meta-data
96-->src\main\AndroidManifest.xml:36:13-39:17
97                android:name="io.flutter.embedding.android.SplashScreenDrawable"
97-->src\main\AndroidManifest.xml:37:15-79
98                android:resource="@drawable/launch_background" />
98-->src\main\AndroidManifest.xml:38:15-61
99
100            <intent-filter>
100-->src\main\AndroidManifest.xml:40:13-43:29
101                <action android:name="android.intent.action.MAIN" />
101-->src\main\AndroidManifest.xml:41:17-68
101-->src\main\AndroidManifest.xml:41:25-66
102
103                <category android:name="android.intent.category.LAUNCHER" />
103-->src\main\AndroidManifest.xml:42:17-76
103-->src\main\AndroidManifest.xml:42:27-74
104            </intent-filter>
105            <!-- Deep linking -->
106            <meta-data
106-->src\main\AndroidManifest.xml:45:13-90
107                android:name="flutter_deeplinking_enabled"
107-->src\main\AndroidManifest.xml:45:24-66
108                android:value="true" />
108-->src\main\AndroidManifest.xml:45:67-87
109
110            <intent-filter android:autoVerify="true" >
110-->src\main\AndroidManifest.xml:46:13-51:29
110-->src\main\AndroidManifest.xml:46:28-53
111                <action android:name="android.intent.action.VIEW" />
111-->src\main\AndroidManifest.xml:47:17-69
111-->src\main\AndroidManifest.xml:47:25-66
112
113                <category android:name="android.intent.category.DEFAULT" />
113-->src\main\AndroidManifest.xml:48:17-76
113-->src\main\AndroidManifest.xml:48:27-73
114                <category android:name="android.intent.category.BROWSABLE" />
114-->src\main\AndroidManifest.xml:49:17-78
114-->src\main\AndroidManifest.xml:49:27-75
115
116                <data
116-->src\main\AndroidManifest.xml:50:17-101
117                    android:host="ingobrillateinstapp.com"
117-->src\main\AndroidManifest.xml:50:60-98
118                    android:scheme="ingobrillateinstapp" />
118-->src\main\AndroidManifest.xml:50:23-59
119            </intent-filter>
120        </activity>
121
122        <!--
123             Don't delete the meta-data below.
124             This is used by the Flutter tool to generate GeneratedPluginRegistrant.java
125        -->
126        <meta-data
126-->src\main\AndroidManifest.xml:57:9-59:33
127            android:name="flutterEmbedding"
127-->src\main\AndroidManifest.xml:58:13-44
128            android:value="2" />
128-->src\main\AndroidManifest.xml:59:13-30
129        <meta-data
129-->src\main\AndroidManifest.xml:60:9-123
130            android:name="com.google.android.geo.API_KEY"
130-->src\main\AndroidManifest.xml:60:20-65
131            android:value="AIzaSyBsA1cmSGZZATrvGc-c6rvi__mArHhcQUc" />
131-->src\main\AndroidManifest.xml:60:66-121
132        <meta-data
132-->src\main\AndroidManifest.xml:61:9-63:69
133            android:name="com.google.android.gms.ads.APPLICATION_ID"
133-->src\main\AndroidManifest.xml:62:13-69
134            android:value="ca-app-pub-7057630719191450~1548611340" />
134-->src\main\AndroidManifest.xml:63:13-67
135
136        <service
136-->[:cloud_firestore] AndroidManifest.xml:8:9-12:19
137            android:name="com.google.firebase.components.ComponentDiscoveryService"
137-->[:cloud_firestore] AndroidManifest.xml:8:18-89
138            android:directBootAware="true"
138-->[com.google.firebase:firebase-common:21.0.0] AndroidManifest.xml:32:13-43
139            android:exported="false" >
139-->[com.google.firebase:firebase-perf:21.0.2] AndroidManifest.xml:13:13-37
140            <meta-data
140-->[:cloud_firestore] AndroidManifest.xml:9:13-11:85
141                android:name="com.google.firebase.components:io.flutter.plugins.firebase.firestore.FlutterFirebaseFirestoreRegistrar"
141-->[:cloud_firestore] AndroidManifest.xml:10:17-134
142                android:value="com.google.firebase.components.ComponentRegistrar" />
142-->[:cloud_firestore] AndroidManifest.xml:11:17-82
143            <meta-data
143-->[:firebase_auth] AndroidManifest.xml:9:13-11:85
144                android:name="com.google.firebase.components:io.flutter.plugins.firebase.auth.FlutterFirebaseAuthRegistrar"
144-->[:firebase_auth] AndroidManifest.xml:10:17-124
145                android:value="com.google.firebase.components.ComponentRegistrar" />
145-->[:firebase_auth] AndroidManifest.xml:11:17-82
146            <meta-data
146-->[:firebase_performance] AndroidManifest.xml:11:13-13:85
147                android:name="com.google.firebase.components:io.flutter.plugins.firebase.performance.FlutterFirebaseAppRegistrar"
147-->[:firebase_performance] AndroidManifest.xml:12:17-130
148                android:value="com.google.firebase.components.ComponentRegistrar" />
148-->[:firebase_performance] AndroidManifest.xml:13:17-82
149            <meta-data
149-->[:firebase_storage] AndroidManifest.xml:9:13-11:85
150                android:name="com.google.firebase.components:io.flutter.plugins.firebase.storage.FlutterFirebaseAppRegistrar"
150-->[:firebase_storage] AndroidManifest.xml:10:17-126
151                android:value="com.google.firebase.components.ComponentRegistrar" />
151-->[:firebase_storage] AndroidManifest.xml:11:17-82
152            <meta-data
152-->[:firebase_core] AndroidManifest.xml:9:13-11:85
153                android:name="com.google.firebase.components:io.flutter.plugins.firebase.core.FlutterFirebaseCoreRegistrar"
153-->[:firebase_core] AndroidManifest.xml:10:17-124
154                android:value="com.google.firebase.components.ComponentRegistrar" />
154-->[:firebase_core] AndroidManifest.xml:11:17-82
155            <meta-data
155-->[com.google.firebase:firebase-perf:21.0.2] AndroidManifest.xml:14:13-16:85
156                android:name="com.google.firebase.components:com.google.firebase.perf.FirebasePerfKtxRegistrar"
156-->[com.google.firebase:firebase-perf:21.0.2] AndroidManifest.xml:15:17-112
157                android:value="com.google.firebase.components.ComponentRegistrar" />
157-->[com.google.firebase:firebase-perf:21.0.2] AndroidManifest.xml:16:17-82
158            <meta-data
158-->[com.google.firebase:firebase-perf:21.0.2] AndroidManifest.xml:17:13-19:85
159                android:name="com.google.firebase.components:com.google.firebase.perf.FirebasePerfRegistrar"
159-->[com.google.firebase:firebase-perf:21.0.2] AndroidManifest.xml:18:17-109
160                android:value="com.google.firebase.components.ComponentRegistrar" />
160-->[com.google.firebase:firebase-perf:21.0.2] AndroidManifest.xml:19:17-82
161            <meta-data
161-->[com.google.firebase:firebase-sessions:2.0.0] AndroidManifest.xml:29:13-31:85
162                android:name="com.google.firebase.components:com.google.firebase.sessions.FirebaseSessionsRegistrar"
162-->[com.google.firebase:firebase-sessions:2.0.0] AndroidManifest.xml:30:17-117
163                android:value="com.google.firebase.components.ComponentRegistrar" />
163-->[com.google.firebase:firebase-sessions:2.0.0] AndroidManifest.xml:31:17-82
164            <meta-data
164-->[com.google.firebase:firebase-auth:23.1.0] AndroidManifest.xml:69:13-71:85
165                android:name="com.google.firebase.components:com.google.firebase.auth.FirebaseAuthRegistrar"
165-->[com.google.firebase:firebase-auth:23.1.0] AndroidManifest.xml:70:17-109
166                android:value="com.google.firebase.components.ComponentRegistrar" />
166-->[com.google.firebase:firebase-auth:23.1.0] AndroidManifest.xml:71:17-82
167            <meta-data
167-->[com.google.firebase:firebase-firestore:25.1.1] AndroidManifest.xml:17:13-19:85
168                android:name="com.google.firebase.components:com.google.firebase.firestore.FirebaseFirestoreKtxRegistrar"
168-->[com.google.firebase:firebase-firestore:25.1.1] AndroidManifest.xml:18:17-122
169                android:value="com.google.firebase.components.ComponentRegistrar" />
169-->[com.google.firebase:firebase-firestore:25.1.1] AndroidManifest.xml:19:17-82
170            <meta-data
170-->[com.google.firebase:firebase-firestore:25.1.1] AndroidManifest.xml:20:13-22:85
171                android:name="com.google.firebase.components:com.google.firebase.firestore.FirestoreRegistrar"
171-->[com.google.firebase:firebase-firestore:25.1.1] AndroidManifest.xml:21:17-111
172                android:value="com.google.firebase.components.ComponentRegistrar" />
172-->[com.google.firebase:firebase-firestore:25.1.1] AndroidManifest.xml:22:17-82
173            <meta-data
173-->[com.google.firebase:firebase-storage:21.0.1] AndroidManifest.xml:30:13-32:85
174                android:name="com.google.firebase.components:com.google.firebase.storage.FirebaseStorageKtxRegistrar"
174-->[com.google.firebase:firebase-storage:21.0.1] AndroidManifest.xml:31:17-118
175                android:value="com.google.firebase.components.ComponentRegistrar" />
175-->[com.google.firebase:firebase-storage:21.0.1] AndroidManifest.xml:32:17-82
176            <meta-data
176-->[com.google.firebase:firebase-storage:21.0.1] AndroidManifest.xml:33:13-35:85
177                android:name="com.google.firebase.components:com.google.firebase.storage.StorageRegistrar"
177-->[com.google.firebase:firebase-storage:21.0.1] AndroidManifest.xml:34:17-107
178                android:value="com.google.firebase.components.ComponentRegistrar" />
178-->[com.google.firebase:firebase-storage:21.0.1] AndroidManifest.xml:35:17-82
179            <meta-data
179-->[com.google.firebase:firebase-config:22.0.1] AndroidManifest.xml:29:13-31:85
180                android:name="com.google.firebase.components:com.google.firebase.remoteconfig.FirebaseRemoteConfigKtxRegistrar"
180-->[com.google.firebase:firebase-config:22.0.1] AndroidManifest.xml:30:17-128
181                android:value="com.google.firebase.components.ComponentRegistrar" />
181-->[com.google.firebase:firebase-config:22.0.1] AndroidManifest.xml:31:17-82
182            <meta-data
182-->[com.google.firebase:firebase-config:22.0.1] AndroidManifest.xml:32:13-34:85
183                android:name="com.google.firebase.components:com.google.firebase.remoteconfig.RemoteConfigRegistrar"
183-->[com.google.firebase:firebase-config:22.0.1] AndroidManifest.xml:33:17-117
184                android:value="com.google.firebase.components.ComponentRegistrar" />
184-->[com.google.firebase:firebase-config:22.0.1] AndroidManifest.xml:34:17-82
185            <meta-data
185-->[com.google.firebase:firebase-installations:18.0.0] AndroidManifest.xml:15:13-17:85
186                android:name="com.google.firebase.components:com.google.firebase.installations.FirebaseInstallationsKtxRegistrar"
186-->[com.google.firebase:firebase-installations:18.0.0] AndroidManifest.xml:16:17-130
187                android:value="com.google.firebase.components.ComponentRegistrar" />
187-->[com.google.firebase:firebase-installations:18.0.0] AndroidManifest.xml:17:17-82
188            <meta-data
188-->[com.google.firebase:firebase-installations:18.0.0] AndroidManifest.xml:18:13-20:85
189                android:name="com.google.firebase.components:com.google.firebase.installations.FirebaseInstallationsRegistrar"
189-->[com.google.firebase:firebase-installations:18.0.0] AndroidManifest.xml:19:17-127
190                android:value="com.google.firebase.components.ComponentRegistrar" />
190-->[com.google.firebase:firebase-installations:18.0.0] AndroidManifest.xml:20:17-82
191            <meta-data
191-->[com.google.firebase:firebase-appcheck:18.0.0] AndroidManifest.xml:25:13-27:85
192                android:name="com.google.firebase.components:com.google.firebase.appcheck.FirebaseAppCheckKtxRegistrar"
192-->[com.google.firebase:firebase-appcheck:18.0.0] AndroidManifest.xml:26:17-120
193                android:value="com.google.firebase.components.ComponentRegistrar" />
193-->[com.google.firebase:firebase-appcheck:18.0.0] AndroidManifest.xml:27:17-82
194            <meta-data
194-->[com.google.firebase:firebase-appcheck:18.0.0] AndroidManifest.xml:28:13-30:85
195                android:name="com.google.firebase.components:com.google.firebase.appcheck.FirebaseAppCheckRegistrar"
195-->[com.google.firebase:firebase-appcheck:18.0.0] AndroidManifest.xml:29:17-117
196                android:value="com.google.firebase.components.ComponentRegistrar" />
196-->[com.google.firebase:firebase-appcheck:18.0.0] AndroidManifest.xml:30:17-82
197            <meta-data
197-->[com.google.firebase:firebase-common-ktx:21.0.0] AndroidManifest.xml:12:13-14:85
198                android:name="com.google.firebase.components:com.google.firebase.ktx.FirebaseCommonLegacyRegistrar"
198-->[com.google.firebase:firebase-common-ktx:21.0.0] AndroidManifest.xml:13:17-116
199                android:value="com.google.firebase.components.ComponentRegistrar" />
199-->[com.google.firebase:firebase-common-ktx:21.0.0] AndroidManifest.xml:14:17-82
200            <meta-data
200-->[com.google.firebase:firebase-datatransport:18.1.8] AndroidManifest.xml:27:13-29:85
201                android:name="com.google.firebase.components:com.google.firebase.datatransport.TransportRegistrar"
201-->[com.google.firebase:firebase-datatransport:18.1.8] AndroidManifest.xml:28:17-115
202                android:value="com.google.firebase.components.ComponentRegistrar" />
202-->[com.google.firebase:firebase-datatransport:18.1.8] AndroidManifest.xml:29:17-82
203            <meta-data
203-->[com.google.firebase:firebase-common:21.0.0] AndroidManifest.xml:35:13-37:85
204                android:name="com.google.firebase.components:com.google.firebase.FirebaseCommonKtxRegistrar"
204-->[com.google.firebase:firebase-common:21.0.0] AndroidManifest.xml:36:17-109
205                android:value="com.google.firebase.components.ComponentRegistrar" />
205-->[com.google.firebase:firebase-common:21.0.0] AndroidManifest.xml:37:17-82
206            <meta-data
206-->[com.google.firebase:firebase-abt:21.1.1] AndroidManifest.xml:12:13-14:85
207                android:name="com.google.firebase.components:com.google.firebase.abt.component.AbtRegistrar"
207-->[com.google.firebase:firebase-abt:21.1.1] AndroidManifest.xml:13:17-109
208                android:value="com.google.firebase.components.ComponentRegistrar" />
208-->[com.google.firebase:firebase-abt:21.1.1] AndroidManifest.xml:14:17-82
209        </service>
210
211        <provider
211-->[:image_picker_android] AndroidManifest.xml:9:9-17:20
212            android:name="io.flutter.plugins.imagepicker.ImagePickerFileProvider"
212-->[:image_picker_android] AndroidManifest.xml:10:13-82
213            android:authorities="com.mycompany.ingobrillateinstapp.flutter.image_provider"
213-->[:image_picker_android] AndroidManifest.xml:11:13-74
214            android:exported="false"
214-->[:image_picker_android] AndroidManifest.xml:12:13-37
215            android:grantUriPermissions="true" >
215-->[:image_picker_android] AndroidManifest.xml:13:13-47
216            <meta-data
216-->[:image_picker_android] AndroidManifest.xml:14:13-16:75
217                android:name="android.support.FILE_PROVIDER_PATHS"
217-->[:image_picker_android] AndroidManifest.xml:15:17-67
218                android:resource="@xml/flutter_image_picker_file_paths" />
218-->[:image_picker_android] AndroidManifest.xml:16:17-72
219        </provider> <!-- Trigger Google Play services to install the backported photo picker module. -->
220        <service
220-->[:image_picker_android] AndroidManifest.xml:19:9-31:19
221            android:name="com.google.android.gms.metadata.ModuleDependencies"
221-->[:image_picker_android] AndroidManifest.xml:20:13-78
222            android:enabled="false"
222-->[:image_picker_android] AndroidManifest.xml:21:13-36
223            android:exported="false" >
223-->[:image_picker_android] AndroidManifest.xml:22:13-37
224            <intent-filter>
224-->[:image_picker_android] AndroidManifest.xml:24:13-26:29
225                <action android:name="com.google.android.gms.metadata.MODULE_DEPENDENCIES" />
225-->[:image_picker_android] AndroidManifest.xml:25:17-94
225-->[:image_picker_android] AndroidManifest.xml:25:25-91
226            </intent-filter>
227
228            <meta-data
228-->[:image_picker_android] AndroidManifest.xml:28:13-30:36
229                android:name="photopicker_activity:0:required"
229-->[:image_picker_android] AndroidManifest.xml:29:17-63
230                android:value="" />
230-->[:image_picker_android] AndroidManifest.xml:30:17-33
231        </service>
232
233        <meta-data
233-->[:google_mobile_ads] AndroidManifest.xml:10:9-12:36
234            android:name="io.flutter.embedded_views_preview"
234-->[:google_mobile_ads] AndroidManifest.xml:11:13-61
235            android:value="true" />
235-->[:google_mobile_ads] AndroidManifest.xml:12:13-33
236
237        <activity
237-->[:url_launcher_android] AndroidManifest.xml:8:9-11:74
238            android:name="io.flutter.plugins.urllauncher.WebViewActivity"
238-->[:url_launcher_android] AndroidManifest.xml:9:13-74
239            android:exported="false"
239-->[:url_launcher_android] AndroidManifest.xml:10:13-37
240            android:theme="@android:style/Theme.NoTitleBar.Fullscreen" />
240-->[:url_launcher_android] AndroidManifest.xml:11:13-71
241
242        <service
242-->[com.google.firebase:firebase-sessions:2.0.0] AndroidManifest.xml:22:9-25:40
243            android:name="com.google.firebase.sessions.SessionLifecycleService"
243-->[com.google.firebase:firebase-sessions:2.0.0] AndroidManifest.xml:23:13-80
244            android:enabled="true"
244-->[com.google.firebase:firebase-sessions:2.0.0] AndroidManifest.xml:24:13-35
245            android:exported="false" />
245-->[com.google.firebase:firebase-sessions:2.0.0] AndroidManifest.xml:25:13-37
246
247        <activity
247-->[com.google.firebase:firebase-auth:23.1.0] AndroidManifest.xml:29:9-46:20
248            android:name="com.google.firebase.auth.internal.GenericIdpActivity"
248-->[com.google.firebase:firebase-auth:23.1.0] AndroidManifest.xml:30:13-80
249            android:excludeFromRecents="true"
249-->[com.google.firebase:firebase-auth:23.1.0] AndroidManifest.xml:31:13-46
250            android:exported="true"
250-->[com.google.firebase:firebase-auth:23.1.0] AndroidManifest.xml:32:13-36
251            android:launchMode="singleTask"
251-->[com.google.firebase:firebase-auth:23.1.0] AndroidManifest.xml:33:13-44
252            android:theme="@android:style/Theme.Translucent.NoTitleBar" >
252-->[com.google.firebase:firebase-auth:23.1.0] AndroidManifest.xml:34:13-72
253            <intent-filter>
253-->[com.google.firebase:firebase-auth:23.1.0] AndroidManifest.xml:35:13-45:29
254                <action android:name="android.intent.action.VIEW" />
254-->src\main\AndroidManifest.xml:47:17-69
254-->src\main\AndroidManifest.xml:47:25-66
255
256                <category android:name="android.intent.category.DEFAULT" />
256-->src\main\AndroidManifest.xml:48:17-76
256-->src\main\AndroidManifest.xml:48:27-73
257                <category android:name="android.intent.category.BROWSABLE" />
257-->src\main\AndroidManifest.xml:49:17-78
257-->src\main\AndroidManifest.xml:49:27-75
258
259                <data
259-->src\main\AndroidManifest.xml:50:17-101
260                    android:host="firebase.auth"
260-->src\main\AndroidManifest.xml:50:60-98
261                    android:path="/"
262                    android:scheme="genericidp" />
262-->src\main\AndroidManifest.xml:50:23-59
263            </intent-filter>
264        </activity>
265        <activity
265-->[com.google.firebase:firebase-auth:23.1.0] AndroidManifest.xml:47:9-64:20
266            android:name="com.google.firebase.auth.internal.RecaptchaActivity"
266-->[com.google.firebase:firebase-auth:23.1.0] AndroidManifest.xml:48:13-79
267            android:excludeFromRecents="true"
267-->[com.google.firebase:firebase-auth:23.1.0] AndroidManifest.xml:49:13-46
268            android:exported="true"
268-->[com.google.firebase:firebase-auth:23.1.0] AndroidManifest.xml:50:13-36
269            android:launchMode="singleTask"
269-->[com.google.firebase:firebase-auth:23.1.0] AndroidManifest.xml:51:13-44
270            android:theme="@android:style/Theme.Translucent.NoTitleBar" >
270-->[com.google.firebase:firebase-auth:23.1.0] AndroidManifest.xml:52:13-72
271            <intent-filter>
271-->[com.google.firebase:firebase-auth:23.1.0] AndroidManifest.xml:53:13-63:29
272                <action android:name="android.intent.action.VIEW" />
272-->src\main\AndroidManifest.xml:47:17-69
272-->src\main\AndroidManifest.xml:47:25-66
273
274                <category android:name="android.intent.category.DEFAULT" />
274-->src\main\AndroidManifest.xml:48:17-76
274-->src\main\AndroidManifest.xml:48:27-73
275                <category android:name="android.intent.category.BROWSABLE" />
275-->src\main\AndroidManifest.xml:49:17-78
275-->src\main\AndroidManifest.xml:49:27-75
276
277                <data
277-->src\main\AndroidManifest.xml:50:17-101
278                    android:host="firebase.auth"
278-->src\main\AndroidManifest.xml:50:60-98
279                    android:path="/"
280                    android:scheme="recaptcha" />
280-->src\main\AndroidManifest.xml:50:23-59
281            </intent-filter>
282        </activity>
283
284        <service
284-->[com.google.android.datatransport:transport-backend-cct:3.1.9] AndroidManifest.xml:28:9-34:19
285            android:name="com.google.android.datatransport.runtime.backends.TransportBackendDiscovery"